终端机在文法中未使用

    "free"
    "declare"
    "declare-loc"
    "error"
    "save"
    "total"
    "view"
    "warning"
    ","


状态 52冲突：4 项偏移/归约


语法

    0 $accept: main YYEOF

    1 main: %empty
    2     | main decl

    3 decl: "include" QPATH
    4     | QPATH
    5     | "let" ID "=" rel
    6     | "let" "rec" ID "=" rel
    7     | "let" ID "=" "0"
    8     | constraint

    9 qualified_ID: ID
   10             | ID "::" ID

   11 constraint: "empty" rel
   12           | "acyclic" rel
   13           | "irreflexive" rel
   14           | "empty" rel "as" ID
   15           | "acyclic" rel "as" ID
   16           | "irreflexive" rel "as" ID
   17           | "flag" "~empty" rel
   18           | "flag" "~empty" rel "as" ID

   19 rel: "id"
   20    | qualified_ID
   21    | "(" rel ")"
   22    | "[" rel "]"
   23    | "[" "]"
   24    | rel "|" rel
   25    | rel ";" rel
   26    | rel "&" rel
   27    | rel "\\" rel
   28    | rel "*" rel
   29    | rel "+"
   30    | rel "*"
   31    | rel "?"
   32    | rel "^" "-1"
   33    | "fencerel" rel


终结语词，附有它们出现处的规则

    YYEOF (0) 0
    error (256)
    "free" (258)
    "acyclic" (259) 12 15
    "irreflexive" (260) 13 16
    "declare" (261)
    "declare-loc" (262)
    "empty" (263) 11 14
    "~empty" (264) 17 18
    "flag" (265) 17 18
    "error" (266)
    "id" (267) 19
    "as" (268) 14 15 16 18
    "include" (269) 3
    "let" (270) 5 6 7
    "rec" (271) 6
    "save" (272)
    "total" (273)
    "view" (274)
    "warning" (275)
    "=" (276) 5 6 7
    "::" (277) 10
    "," (278)
    "0" (279) 7
    "-1" (280) 32
    ";" (281) 25
    "&" (282) 26
    "|" (283) 24
    "\\" (284) 27
    "+" (285) 29
    "*" (286) 28 30
    "?" (287) 31
    "(" (288) 21
    ")" (289) 21
    "[" (290) 22 23
    "]" (291) 22 23
    "^" (292) 32
    "fencerel" (293) 33
    ID <std::string> (294) 5 6 7 9 10 14 15 16 18
    QPATH <std::string> (295) 3 4


非终结语词，附有它们出现处的规则

    $accept (41)
        on left: 0
    qualified_ID <std::string> (42)
        on left: 9 10
        on right: 20
    rel <cat_relationt> (43)
        on left: 19 20 21 22 23 24 25 26 27 28 29 30 31 32 33
        on right: 5 6 11 12 13 14 15 16 17 18 21 22 24 25 26 27 28 29 30 31 32 33
    main (44)
        on left: 1 2
        on right: 0 2
    decl (45)
        on left: 3 4 5 6 7 8
        on right: 2
    constraint (46)
        on left: 11 12 13 14 15 16 17 18
        on right: 8


状态 0

    0 $accept: . main YYEOF

    $default  使用规则 1 以归约 (main)

    main  转到状态 1


状态 1

    0 $accept: main . YYEOF
    2 main: main . decl

    YYEOF          偏移，并进入状态 2
    "acyclic"      偏移，并进入状态 3
    "irreflexive"  偏移，并进入状态 4
    "empty"        偏移，并进入状态 5
    "flag"         偏移，并进入状态 6
    "include"      偏移，并进入状态 7
    "let"          偏移，并进入状态 8
    QPATH          偏移，并进入状态 9

    decl        转到状态 10
    constraint  转到状态 11


状态 2

    0 $accept: main YYEOF .

    $default  接受


状态 3

   12 constraint: "acyclic" . rel
   15           | "acyclic" . rel "as" ID

    "id"        偏移，并进入状态 12
    "("         偏移，并进入状态 13
    "["         偏移，并进入状态 14
    "fencerel"  偏移，并进入状态 15
    ID          偏移，并进入状态 16

    qualified_ID  转到状态 17
    rel           转到状态 18


状态 4

   13 constraint: "irreflexive" . rel
   16           | "irreflexive" . rel "as" ID

    "id"        偏移，并进入状态 12
    "("         偏移，并进入状态 13
    "["         偏移，并进入状态 14
    "fencerel"  偏移，并进入状态 15
    ID          偏移，并进入状态 16

    qualified_ID  转到状态 17
    rel           转到状态 19


状态 5

   11 constraint: "empty" . rel
   14           | "empty" . rel "as" ID

    "id"        偏移，并进入状态 12
    "("         偏移，并进入状态 13
    "["         偏移，并进入状态 14
    "fencerel"  偏移，并进入状态 15
    ID          偏移，并进入状态 16

    qualified_ID  转到状态 17
    rel           转到状态 20


状态 6

   17 constraint: "flag" . "~empty" rel
   18           | "flag" . "~empty" rel "as" ID

    "~empty"  偏移，并进入状态 21


状态 7

    3 decl: "include" . QPATH

    QPATH  偏移，并进入状态 22


状态 8

    5 decl: "let" . ID "=" rel
    6     | "let" . "rec" ID "=" rel
    7     | "let" . ID "=" "0"

    "rec"  偏移，并进入状态 23
    ID     偏移，并进入状态 24


状态 9

    4 decl: QPATH .

    $default  使用规则 4 以归约 (decl)


状态 10

    2 main: main decl .

    $default  使用规则 2 以归约 (main)


状态 11

    8 decl: constraint .

    $default  使用规则 8 以归约 (decl)


状态 12

   19 rel: "id" .

    $default  使用规则 19 以归约 (rel)


状态 13

   21 rel: "(" . rel ")"

    "id"        偏移，并进入状态 12
    "("         偏移，并进入状态 13
    "["         偏移，并进入状态 14
    "fencerel"  偏移，并进入状态 15
    ID          偏移，并进入状态 16

    qualified_ID  转到状态 17
    rel           转到状态 25


状态 14

   22 rel: "[" . rel "]"
   23    | "[" . "]"

    "id"        偏移，并进入状态 12
    "("         偏移，并进入状态 13
    "["         偏移，并进入状态 14
    "]"         偏移，并进入状态 26
    "fencerel"  偏移，并进入状态 15
    ID          偏移，并进入状态 16

    qualified_ID  转到状态 17
    rel           转到状态 27


状态 15

   33 rel: "fencerel" . rel

    "id"        偏移，并进入状态 12
    "("         偏移，并进入状态 13
    "["         偏移，并进入状态 14
    "fencerel"  偏移，并进入状态 15
    ID          偏移，并进入状态 16

    qualified_ID  转到状态 17
    rel           转到状态 28


状态 16

    9 qualified_ID: ID .
   10             | ID . "::" ID

    "::"  偏移，并进入状态 29

    $default  使用规则 9 以归约 (qualified_ID)


状态 17

   20 rel: qualified_ID .

    $default  使用规则 20 以归约 (rel)


状态 18

   12 constraint: "acyclic" rel .
   15           | "acyclic" rel . "as" ID
   24 rel: rel . "|" rel
   25    | rel . ";" rel
   26    | rel . "&" rel
   27    | rel . "\\" rel
   28    | rel . "*" rel
   29    | rel . "+"
   30    | rel . "*"
   31    | rel . "?"
   32    | rel . "^" "-1"

    "as"  偏移，并进入状态 30
    ";"   偏移，并进入状态 31
    "&"   偏移，并进入状态 32
    "|"   偏移，并进入状态 33
    "\\"  偏移，并进入状态 34
    "+"   偏移，并进入状态 35
    "*"   偏移，并进入状态 36
    "?"   偏移，并进入状态 37
    "^"   偏移，并进入状态 38

    $default  使用规则 12 以归约 (constraint)


状态 19

   13 constraint: "irreflexive" rel .
   16           | "irreflexive" rel . "as" ID
   24 rel: rel . "|" rel
   25    | rel . ";" rel
   26    | rel . "&" rel
   27    | rel . "\\" rel
   28    | rel . "*" rel
   29    | rel . "+"
   30    | rel . "*"
   31    | rel . "?"
   32    | rel . "^" "-1"

    "as"  偏移，并进入状态 39
    ";"   偏移，并进入状态 31
    "&"   偏移，并进入状态 32
    "|"   偏移，并进入状态 33
    "\\"  偏移，并进入状态 34
    "+"   偏移，并进入状态 35
    "*"   偏移，并进入状态 36
    "?"   偏移，并进入状态 37
    "^"   偏移，并进入状态 38

    $default  使用规则 13 以归约 (constraint)


状态 20

   11 constraint: "empty" rel .
   14           | "empty" rel . "as" ID
   24 rel: rel . "|" rel
   25    | rel . ";" rel
   26    | rel . "&" rel
   27    | rel . "\\" rel
   28    | rel . "*" rel
   29    | rel . "+"
   30    | rel . "*"
   31    | rel . "?"
   32    | rel . "^" "-1"

    "as"  偏移，并进入状态 40
    ";"   偏移，并进入状态 31
    "&"   偏移，并进入状态 32
    "|"   偏移，并进入状态 33
    "\\"  偏移，并进入状态 34
    "+"   偏移，并进入状态 35
    "*"   偏移，并进入状态 36
    "?"   偏移，并进入状态 37
    "^"   偏移，并进入状态 38

    $default  使用规则 11 以归约 (constraint)


状态 21

   17 constraint: "flag" "~empty" . rel
   18           | "flag" "~empty" . rel "as" ID

    "id"        偏移，并进入状态 12
    "("         偏移，并进入状态 13
    "["         偏移，并进入状态 14
    "fencerel"  偏移，并进入状态 15
    ID          偏移，并进入状态 16

    qualified_ID  转到状态 17
    rel           转到状态 41


状态 22

    3 decl: "include" QPATH .

    $default  使用规则 3 以归约 (decl)


状态 23

    6 decl: "let" "rec" . ID "=" rel

    ID  偏移，并进入状态 42


状态 24

    5 decl: "let" ID . "=" rel
    7     | "let" ID . "=" "0"

    "="  偏移，并进入状态 43


状态 25

   21 rel: "(" rel . ")"
   24    | rel . "|" rel
   25    | rel . ";" rel
   26    | rel . "&" rel
   27    | rel . "\\" rel
   28    | rel . "*" rel
   29    | rel . "+"
   30    | rel . "*"
   31    | rel . "?"
   32    | rel . "^" "-1"

    ";"   偏移，并进入状态 31
    "&"   偏移，并进入状态 32
    "|"   偏移，并进入状态 33
    "\\"  偏移，并进入状态 34
    "+"   偏移，并进入状态 35
    "*"   偏移，并进入状态 36
    "?"   偏移，并进入状态 37
    ")"   偏移，并进入状态 44
    "^"   偏移，并进入状态 38


状态 26

   23 rel: "[" "]" .

    $default  使用规则 23 以归约 (rel)


状态 27

   22 rel: "[" rel . "]"
   24    | rel . "|" rel
   25    | rel . ";" rel
   26    | rel . "&" rel
   27    | rel . "\\" rel
   28    | rel . "*" rel
   29    | rel . "+"
   30    | rel . "*"
   31    | rel . "?"
   32    | rel . "^" "-1"

    ";"   偏移，并进入状态 31
    "&"   偏移，并进入状态 32
    "|"   偏移，并进入状态 33
    "\\"  偏移，并进入状态 34
    "+"   偏移，并进入状态 35
    "*"   偏移，并进入状态 36
    "?"   偏移，并进入状态 37
    "]"   偏移，并进入状态 45
    "^"   偏移，并进入状态 38


状态 28

   24 rel: rel . "|" rel
   25    | rel . ";" rel
   26    | rel . "&" rel
   27    | rel . "\\" rel
   28    | rel . "*" rel
   29    | rel . "+"
   30    | rel . "*"
   31    | rel . "?"
   32    | rel . "^" "-1"
   33    | "fencerel" rel .

    $default  使用规则 33 以归约 (rel)


状态 29

   10 qualified_ID: ID "::" . ID

    ID  偏移，并进入状态 46


状态 30

   15 constraint: "acyclic" rel "as" . ID

    ID  偏移，并进入状态 47


状态 31

   25 rel: rel ";" . rel

    "id"        偏移，并进入状态 12
    "("         偏移，并进入状态 13
    "["         偏移，并进入状态 14
    "fencerel"  偏移，并进入状态 15
    ID          偏移，并进入状态 16

    qualified_ID  转到状态 17
    rel           转到状态 48


状态 32

   26 rel: rel "&" . rel

    "id"        偏移，并进入状态 12
    "("         偏移，并进入状态 13
    "["         偏移，并进入状态 14
    "fencerel"  偏移，并进入状态 15
    ID          偏移，并进入状态 16

    qualified_ID  转到状态 17
    rel           转到状态 49


状态 33

   24 rel: rel "|" . rel

    "id"        偏移，并进入状态 12
    "("         偏移，并进入状态 13
    "["         偏移，并进入状态 14
    "fencerel"  偏移，并进入状态 15
    ID          偏移，并进入状态 16

    qualified_ID  转到状态 17
    rel           转到状态 50


状态 34

   27 rel: rel "\\" . rel

    "id"        偏移，并进入状态 12
    "("         偏移，并进入状态 13
    "["         偏移，并进入状态 14
    "fencerel"  偏移，并进入状态 15
    ID          偏移，并进入状态 16

    qualified_ID  转到状态 17
    rel           转到状态 51


状态 35

   29 rel: rel "+" .

    $default  使用规则 29 以归约 (rel)


状态 36

   28 rel: rel "*" . rel
   30    | rel "*" .

    "id"        偏移，并进入状态 12
    "("         偏移，并进入状态 13
    "["         偏移，并进入状态 14
    "fencerel"  偏移，并进入状态 15
    ID          偏移，并进入状态 16

    $default  使用规则 30 以归约 (rel)

    qualified_ID  转到状态 17
    rel           转到状态 52


状态 37

   31 rel: rel "?" .

    $default  使用规则 31 以归约 (rel)


状态 38

   32 rel: rel "^" . "-1"

    "-1"  偏移，并进入状态 53


状态 39

   16 constraint: "irreflexive" rel "as" . ID

    ID  偏移，并进入状态 54


状态 40

   14 constraint: "empty" rel "as" . ID

    ID  偏移，并进入状态 55


状态 41

   17 constraint: "flag" "~empty" rel .
   18           | "flag" "~empty" rel . "as" ID
   24 rel: rel . "|" rel
   25    | rel . ";" rel
   26    | rel . "&" rel
   27    | rel . "\\" rel
   28    | rel . "*" rel
   29    | rel . "+"
   30    | rel . "*"
   31    | rel . "?"
   32    | rel . "^" "-1"

    "as"  偏移，并进入状态 56
    ";"   偏移，并进入状态 31
    "&"   偏移，并进入状态 32
    "|"   偏移，并进入状态 33
    "\\"  偏移，并进入状态 34
    "+"   偏移，并进入状态 35
    "*"   偏移，并进入状态 36
    "?"   偏移，并进入状态 37
    "^"   偏移，并进入状态 38

    $default  使用规则 17 以归约 (constraint)


状态 42

    6 decl: "let" "rec" ID . "=" rel

    "="  偏移，并进入状态 57


状态 43

    5 decl: "let" ID "=" . rel
    7     | "let" ID "=" . "0"

    "id"        偏移，并进入状态 12
    "0"         偏移，并进入状态 58
    "("         偏移，并进入状态 13
    "["         偏移，并进入状态 14
    "fencerel"  偏移，并进入状态 15
    ID          偏移，并进入状态 16

    qualified_ID  转到状态 17
    rel           转到状态 59


状态 44

   21 rel: "(" rel ")" .

    $default  使用规则 21 以归约 (rel)


状态 45

   22 rel: "[" rel "]" .

    $default  使用规则 22 以归约 (rel)


状态 46

   10 qualified_ID: ID "::" ID .

    $default  使用规则 10 以归约 (qualified_ID)


状态 47

   15 constraint: "acyclic" rel "as" ID .

    $default  使用规则 15 以归约 (constraint)


状态 48

   24 rel: rel . "|" rel
   25    | rel . ";" rel
   25    | rel ";" rel .
   26    | rel . "&" rel
   27    | rel . "\\" rel
   28    | rel . "*" rel
   29    | rel . "+"
   30    | rel . "*"
   31    | rel . "?"
   32    | rel . "^" "-1"

    "+"  偏移，并进入状态 35
    "*"  偏移，并进入状态 36
    "?"  偏移，并进入状态 37
    "^"  偏移，并进入状态 38

    $default  使用规则 25 以归约 (rel)


状态 49

   24 rel: rel . "|" rel
   25    | rel . ";" rel
   26    | rel . "&" rel
   26    | rel "&" rel .
   27    | rel . "\\" rel
   28    | rel . "*" rel
   29    | rel . "+"
   30    | rel . "*"
   31    | rel . "?"
   32    | rel . "^" "-1"

    ";"  偏移，并进入状态 31
    "+"  偏移，并进入状态 35
    "*"  偏移，并进入状态 36
    "?"  偏移，并进入状态 37
    "^"  偏移，并进入状态 38

    $default  使用规则 26 以归约 (rel)


状态 50

   24 rel: rel . "|" rel
   24    | rel "|" rel .
   25    | rel . ";" rel
   26    | rel . "&" rel
   27    | rel . "\\" rel
   28    | rel . "*" rel
   29    | rel . "+"
   30    | rel . "*"
   31    | rel . "?"
   32    | rel . "^" "-1"

    ";"   偏移，并进入状态 31
    "&"   偏移，并进入状态 32
    "\\"  偏移，并进入状态 34
    "+"   偏移，并进入状态 35
    "*"   偏移，并进入状态 36
    "?"   偏移，并进入状态 37
    "^"   偏移，并进入状态 38

    $default  使用规则 24 以归约 (rel)


状态 51

   24 rel: rel . "|" rel
   25    | rel . ";" rel
   26    | rel . "&" rel
   27    | rel . "\\" rel
   27    | rel "\\" rel .
   28    | rel . "*" rel
   29    | rel . "+"
   30    | rel . "*"
   31    | rel . "?"
   32    | rel . "^" "-1"

    ";"  偏移，并进入状态 31
    "+"  偏移，并进入状态 35
    "*"  偏移，并进入状态 36
    "?"  偏移，并进入状态 37
    "^"  偏移，并进入状态 38

    $default  使用规则 27 以归约 (rel)


状态 52

   24 rel: rel . "|" rel
   25    | rel . ";" rel
   26    | rel . "&" rel
   27    | rel . "\\" rel
   28    | rel . "*" rel
   28    | rel "*" rel .
   29    | rel . "+"
   30    | rel . "*"
   31    | rel . "?"
   32    | rel . "^" "-1"

    "+"  偏移，并进入状态 35
    "*"  偏移，并进入状态 36
    "?"  偏移，并进入状态 37
    "^"  偏移，并进入状态 38

    "+"       [使用规则 28 以归约 (rel)]
    "*"       [使用规则 28 以归约 (rel)]
    "?"       [使用规则 28 以归约 (rel)]
    "^"       [使用规则 28 以归约 (rel)]
    $default  使用规则 28 以归约 (rel)


状态 53

   32 rel: rel "^" "-1" .

    $default  使用规则 32 以归约 (rel)


状态 54

   16 constraint: "irreflexive" rel "as" ID .

    $default  使用规则 16 以归约 (constraint)


状态 55

   14 constraint: "empty" rel "as" ID .

    $default  使用规则 14 以归约 (constraint)


状态 56

   18 constraint: "flag" "~empty" rel "as" . ID

    ID  偏移，并进入状态 60


状态 57

    6 decl: "let" "rec" ID "=" . rel

    "id"        偏移，并进入状态 12
    "("         偏移，并进入状态 13
    "["         偏移，并进入状态 14
    "fencerel"  偏移，并进入状态 15
    ID          偏移，并进入状态 16

    qualified_ID  转到状态 17
    rel           转到状态 61


状态 58

    7 decl: "let" ID "=" "0" .

    $default  使用规则 7 以归约 (decl)


状态 59

    5 decl: "let" ID "=" rel .
   24 rel: rel . "|" rel
   25    | rel . ";" rel
   26    | rel . "&" rel
   27    | rel . "\\" rel
   28    | rel . "*" rel
   29    | rel . "+"
   30    | rel . "*"
   31    | rel . "?"
   32    | rel . "^" "-1"

    ";"   偏移，并进入状态 31
    "&"   偏移，并进入状态 32
    "|"   偏移，并进入状态 33
    "\\"  偏移，并进入状态 34
    "+"   偏移，并进入状态 35
    "*"   偏移，并进入状态 36
    "?"   偏移，并进入状态 37
    "^"   偏移，并进入状态 38

    $default  使用规则 5 以归约 (decl)


状态 60

   18 constraint: "flag" "~empty" rel "as" ID .

    $default  使用规则 18 以归约 (constraint)


状态 61

    6 decl: "let" "rec" ID "=" rel .
   24 rel: rel . "|" rel
   25    | rel . ";" rel
   26    | rel . "&" rel
   27    | rel . "\\" rel
   28    | rel . "*" rel
   29    | rel . "+"
   30    | rel . "*"
   31    | rel . "?"
   32    | rel . "^" "-1"

    ";"   偏移，并进入状态 31
    "&"   偏移，并进入状态 32
    "|"   偏移，并进入状态 33
    "\\"  偏移，并进入状态 34
    "+"   偏移，并进入状态 35
    "*"   偏移，并进入状态 36
    "?"   偏移，并进入状态 37
    "^"   偏移，并进入状态 38

    $default  使用规则 6 以归约 (decl)
